warning: No `requires-python` value found in the workspace. Defaulting to `>=3.12`.
============================= test session starts ==============================
platform darwin -- Python 3.12.13, pytest-9.1.1, pluggy-1.6.0
rootdir: /Users/thomas/Projects/skills-388-391
configfile: pyproject.toml
testpaths: tests
plugins: xdist-3.8.0
created: 14/14 workers
14 workers [2144 items]

........................................................................ [  3%]
........................................................................ [  6%]
........................................................................ [ 10%]
........................................................................ [ 13%]
........................................................................ [ 16%]
........................................................................ [ 20%]
........................................................................ [ 23%]
........................................................................ [ 26%]
........................................................................ [ 30%]
........................................................................ [ 33%]
........................................................................ [ 36%]
........................................................................ [ 40%]
........................................................................ [ 43%]
........................................................................ [ 47%]
........................................................................ [ 50%]
........................................................................ [ 53%]
........................................................................ [ 57%]
........................................................................ [ 60%]
........................................................................ [ 63%]
........................................................................ [ 67%]
........................................................................ [ 70%]
........................................................................ [ 73%]
........................................................................ [ 77%]
........................................................................ [ 80%]
........................................................................ [ 83%]
........................................................................ [ 87%]
........................................................................ [ 90%]
........................................................................ [ 94%]
........................................................................ [ 97%]
........................................................                 [100%]
======================= 2144 passed in 102.40s (0:01:42) =======================
