warning: No `requires-python` value found in the workspace. Defaulting to `>=3.12`.
============================= test session starts ==============================
platform darwin -- Python 3.12.13, pytest-9.1.1, pluggy-1.6.0
rootdir: /Users/thomas/Projects/skills-388-391
configfile: pyproject.toml
testpaths: tests
plugins: xdist-3.8.0
created: 14/14 workers
14 workers [2144 items]

........................................................................ [  3%]
........................................................................ [  6%]
........................................................................ [ 10%]
........................................................................ [ 13%]
.......................................................................F [ 16%]
........................................................................ [ 20%]
........................................................................ [ 23%]
........................................................................ [ 26%]
........................................................................ [ 30%]
........................................................................ [ 33%]
........................................................................ [ 36%]
........................................................................ [ 40%]
........................................................................ [ 43%]
........................................................................ [ 47%]
........................................................................ [ 50%]
........................................................................ [ 53%]
........................................................................ [ 57%]
........................................................................ [ 60%]
........................................................................ [ 63%]
........................................................................ [ 67%]
........................................................................ [ 70%]
........................................................................ [ 73%]
........................................................................ [ 77%]
........................................................................ [ 80%]
........................................................................ [ 83%]
........................................................................ [ 87%]
........................................................................ [ 90%]
........................................................................ [ 94%]
........................................................................ [ 97%]
........................................................                 [100%]
=================================== FAILURES ===================================
_ test_response_delivery_cleans_scratch_files_and_reports_the_remaining_state __
[gw5] darwin -- Python 3.12.13 /Users/thomas/.cache/uv/builds-v0/.tmpKuR30S/bin/python

    def test_response_delivery_cleans_scratch_files_and_reports_the_remaining_state() -> (
        None
    ):
        """The no-write default reaches Harness scratch and every consumer.

        A Harness may tell an agent where temporary files belong without granting
        permission to create one. The shared contract therefore owns both cleanup
        and truthful reporting, while every Text-Artifact Skill carries the
        operational instruction into its delivery step (issue #180).
        """

        contract = DELIVERY.read_text(encoding="utf-8")

        # Require the shared contract to own cleanup and truthful reporting.
        assert DELIVERY_SCRATCH_SCOPE in contract, (
            f"{DELIVERY}: the response default does not expressly cover the"
            f" Harness scratch area, so a convention about where temporary files"
            f" belong can be mistaken for permission to write one (issue #180)."
        )
        assert "does not authorize a write" in contract, (
            f"{DELIVERY}: the contract names scratch files without distinguishing"
            f" a Harness location convention from caller authorization"
            f" (issue #180)."
        )
        assert "removes that file before delivery" in contract, (
            f"{DELIVERY}: a response-targeted run may use scratch while composing"
            f" without being told to restore the filesystem before delivery"
            f" (issue #180)."
        )
        assert "never reports that nothing was written" in contract, (
            f"{DELIVERY}: the response can claim no write while an artifact copy"
            f" remains on disk (issue #180)."
        )

        # Require every Text-Artifact Skill to apply the shared delivery rule.
        for name in ("write", "redline", "proofread", "unslop"):
            body_path = REPO_ROOT / "skills" / "editorial" / name / "SKILL.md"
            body = body_path.read_text(encoding="utf-8")

>           assert DELIVERY_TRUTHFUL_ACCOUNT in body, (
                f"{body_path}: the delivery step does not carry the shared"
                f" response-default cleanup and truthful-accounting rule into"
                f" this Text-Artifact Skill (issue #180)."
            )
E           AssertionError: /Users/thomas/Projects/skills-388-391/skills/editorial/write/SKILL.md: the delivery step does not carry the shared response-default cleanup and truthful-accounting rule into this Text-Artifact Skill (issue #180).
E           assert 'base the delivery account on the filesystem state that remains after cleanup' in '---\nname: write\ndescription: Turn a brief and its source material into one truthful first draft in the target langu...this run. Done when the draft has been delivered, or the run has stopped with its prose preserved and accounted for.\n'

tests/test_kntnt.py:5842: AssertionError
=========================== short test summary info ============================
FAILED tests/test_kntnt.py::test_response_delivery_cleans_scratch_files_and_reports_the_remaining_state
================== 1 failed, 2143 passed in 98.86s (0:01:38) ===================
