Installed 8 packages in 15ms
============================= test session starts ==============================
platform darwin -- Python 3.12.13, pytest-9.1.1, pluggy-1.6.0
rootdir: /Users/thomas/Projects/skills-388-391
configfile: pyproject.toml
testpaths: tests
plugins: xdist-3.8.0
created: 14/14 workers
14 workers [2142 items]

........................................................................ [  3%]
........................................................................ [  6%]
.........F.............................................................. [ 10%]
........................................................................ [ 13%]
........................................................................ [ 16%]
.................................................................F...... [ 20%]
..F...............................E.FEEEE..EE.FEF.E........EE..E.EE...EE [ 23%]
.E.E..E..E.E..E.E..E.E....E.E.EE..E.EEE...EE.EE..EE.E.E.EE.EE..EEEEE..E. [ 26%]
EE.EEEE.......................E.......................................E. [ 30%]
.......................E................................................ [ 33%]
........................................................................ [ 36%]
........................................................................ [ 40%]
........................................................................ [ 43%]
........................................................................ [ 47%]
...EEEEEEE.EEEE.E.E..EEEEEE.......EE.EE................................. [ 50%]
........................................................................ [ 53%]
.F...................................................................... [ 57%]
........................................................F............... [ 60%]
........................................................................ [ 63%]
........................................................................ [ 67%]
..............................................................F......... [ 70%]
........................................................................ [ 73%]
........................................................................ [ 77%]
........................................................................ [ 80%]
........................................................................ [ 84%]
........................................................................ [ 87%]
........................................................................ [ 90%]
........................................................................ [ 94%]
........................................................................ [ 97%]
......................................................                   [100%]
==================================== ERRORS ====================================
_ ERROR at setup of test_a_possessive_quantifier_and_keep_out_compile_and_match _
[gw0] darwin -- Python 3.12.13 /Users/thomas/Projects/skills-388-391/.scratch-390/uv-cache/builds-v0/.tmpduVqix/bin/python

    @pytest.fixture
    def site() -> Iterator[Site]:
        """Serve a fresh fixture site for one test, and stop it afterwards."""
    
        served = Site()
    
        class Handler(BaseHTTPRequestHandler):
            def do_GET(self) -> None:
                host = self.headers.get("Host", "")
                request = Request(host, self.path, dict(self.headers))
                served.requests.append(request)
                gated = served.gate(request) if served.gate else None
                if gated is not None:
                    self.send_response(gated.status)
                    self.send_header("Content-Type", gated.content_type)
                    self.send_header("Content-Length", str(len(gated.body)))
                    for name, value in gated.headers.items():
                        self.send_header(name, value)
                    self.end_headers()
                    self.wfile.write(gated.body)
                    return
                responses = served.host_routes.get(
                    (host.rpartition(":")[0], self.path)
                ) or served.routes.get(self.path)
                if not responses:
                    self.send_response(404)
                    self.send_header("Content-Length", "0")
                    self.end_headers()
                    return
                response = responses.pop(0) if len(responses) > 1 else responses[0]
                if not_modified(response, dict(self.headers)):
                    self.send_response(304)
                    for name in VALIDATORS:
                        if name in response.headers:
                            self.send_header(name, response.headers[name])
                    self.end_headers()
                    return
                self.send_response(response.status)
                self.send_header("Content-Type", response.content_type)
                self.send_header("Content-Length", str(len(response.body)))
                for name, value in response.headers.items():
                    self.send_header(name, value)
                self.end_headers()
                self.wfile.write(response.body)
    
            def log_message(self, format: str, *args: object) -> None:
                return
    
>       server = ThreadingHTTPServer(("127.0.0.1", 0), Handler)
                 ^^^^^^^^^^^^^^^^^^^^^^^^^^^^^^^^^^^^^^^^^^^^^^

tests/test_mirror.py:208: 
_ _ _ _ _ _ _ _ _ _ _ _ _ _ _ _ _ _ _ _ _ _ _ _ _ _ _ _ _ _ _ _ _ _ _ _ _ _ _ _ 
../../.local/share/uv/python/cpython-3.12.13-macos-aarch64-none/lib/python3.12/socketserver.py:457: in __init__
    self.server_bind()
../../.local/share/uv/python/cpython-3.12.13-macos-aarch64-none/lib/python3.12/http/server.py:140: in server_bind
    socketserver.TCPServer.server_bind(self)
_ _ _ _ _ _ _ _ _ _ _ _ _ _ _ _ _ _ _ _ _ _ _ _ _ _ _ _ _ _ _ _ _ _ _ _ _ _ _ _ 

self = <http.server.ThreadingHTTPServer object at 0x10470edb0>

    def server_bind(self):
        """Called by constructor to bind the socket.
    
        May be overridden.
    
        """
        if self.allow_reuse_address and hasattr(socket, "SO_REUSEADDR"):
            self.socket.setsockopt(socket.SOL_SOCKET, socket.SO_REUSEADDR, 1)
        # Since Linux 6.12.9, SO_REUSEPORT is not allowed
        # on other address families than AF_INET/AF_INET6.
        if (
            self.allow_reuse_port and hasattr(socket, "SO_REUSEPORT")
            and self.address_family in (socket.AF_INET, socket.AF_INET6)
        ):
            self.socket.setsockopt(socket.SOL_SOCKET, socket.SO_REUSEPORT, 1)
>       self.socket.bind(self.server_address)
E       PermissionError: [Errno 1] Operation not permitted

../../.local/share/uv/python/cpython-3.12.13-macos-aarch64-none/lib/python3.12/socketserver.py:478: PermissionError
______ ERROR at setup of test_an_exclude_keeps_a_sitemap_from_being_read _______
[gw0] darwin -- Python 3.12.13 /Users/thomas/Projects/skills-388-391/.scratch-390/uv-cache/builds-v0/.tmpduVqix/bin/python

    @pytest.fixture
    def site() -> Iterator[Site]:
        """Serve a fresh fixture site for one test, and stop it afterwards."""
    
        served = Site()
    
        class Handler(BaseHTTPRequestHandler):
            def do_GET(self) -> None:
                host = self.headers.get("Host", "")
                request = Request(host, self.path, dict(self.headers))
                served.requests.append(request)
                gated = served.gate(request) if served.gate else None
                if gated is not None:
                    self.send_response(gated.status)
                    self.send_header("Content-Type", gated.content_type)
                    self.send_header("Content-Length", str(len(gated.body)))
                    for name, value in gated.headers.items():
                        self.send_header(name, value)
                    self.end_headers()
                    self.wfile.write(gated.body)
                    return
                responses = served.host_routes.get(
                    (host.rpartition(":")[0], self.path)
                ) or served.routes.get(self.path)
                if not responses:
                    self.send_response(404)
                    self.send_header("Content-Length", "0")
                    self.end_headers()
                    return
                response = responses.pop(0) if len(responses) > 1 else responses[0]
                if not_modified(response, dict(self.headers)):
                    self.send_response(304)
                    for name in VALIDATORS:
                        if name in response.headers:
                            self.send_header(name, response.headers[name])
                    self.end_headers()
                    return
                self.send_response(response.status)
                self.send_header("Content-Type", response.content_type)
                self.send_header("Content-Length", str(len(response.body)))
                for name, value in response.headers.items():
                    self.send_header(name, value)
                self.end_headers()
                self.wfile.write(response.body)
    
            def log_message(self, format: str, *args: object) -> None:
                return
    
>       server = ThreadingHTTPServer(("127.0.0.1", 0), Handler)
                 ^^^^^^^^^^^^^^^^^^^^^^^^^^^^^^^^^^^^^^^^^^^^^^

tests/test_mirror.py:208: 
_ _ _ _ _ _ _ _ _ _ _ _ _ _ _ _ _ _ _ _ _ _ _ _ _ _ _ _ _ _ _ _ _ _ _ _ _ _ _ _ 
../../.local/share/uv/python/cpython-3.12.13-macos-aarch64-none/lib/python3.12/socketserver.py:457: in __init__
    self.server_bind()
../../.local/share/uv/python/cpython-3.12.13-macos-aarch64-none/lib/python3.12/http/server.py:140: in server_bind
    socketserver.TCPServer.server_bind(self)
_ _ _ _ _ _ _ _ _ _ _ _ _ _ _ _ _ _ _ _ _ _ _ _ _ _ _ _ _ _ _ _ _ _ _ _ _ _ _ _ 

self = <http.server.ThreadingHTTPServer object at 0x1047ad9a0>

    def server_bind(self):
        """Called by constructor to bind the socket.
    
        May be overridden.
    
        """
        if self.allow_reuse_address and hasattr(socket, "SO_REUSEADDR"):
            self.socket.setsockopt(socket.SOL_SOCKET, socket.SO_REUSEADDR, 1)
        # Since Linux 6.12.9, SO_REUSEPORT is not allowed
        # on other address families than AF_INET/AF_INET6.
        if (
            self.allow_reuse_port and hasattr(socket, "SO_REUSEPORT")
            and self.address_family in (socket.AF_INET, socket.AF_INET6)
        ):
            self.socket.setsockopt(socket.SOL_SOCKET, socket.SO_REUSEPORT, 1)
>       self.socket.bind(self.server_address)
E       PermissionError: [Errno 1] Operation not permitted

../../.local/share/uv/python/cpython-3.12.13-macos-aarch64-none/lib/python3.12/socketserver.py:478: PermissionError
_ ERROR at setup of test_a_pattern_that_does_not_compile_is_refused_before_anything_is_fetched[--include=(-missing )] _
[gw0] darwin -- Python 3.12.13 /Users/thomas/Projects/skills-388-391/.scratch-390/uv-cache/builds-v0/.tmpduVqix/bin/python

    @pytest.fixture
    def site() -> Iterator[Site]:
        """Serve a fresh fixture site for one test, and stop it afterwards."""
    
        served = Site()
    
        class Handler(BaseHTTPRequestHandler):
            def do_GET(self) -> None:
                host = self.headers.get("Host", "")
                request = Request(host, self.path, dict(self.headers))
                served.requests.append(request)
                gated = served.gate(request) if served.gate else None
                if gated is not None:
                    self.send_response(gated.status)
                    self.send_header("Content-Type", gated.content_type)
                    self.send_header("Content-Length", str(len(gated.body)))
                    for name, value in gated.headers.items():
                        self.send_header(name, value)
                    self.end_headers()
                    self.wfile.write(gated.body)
                    return
                responses = served.host_routes.get(
                    (host.rpartition(":")[0], self.path)
                ) or served.routes.get(self.path)
                if not responses:
                    self.send_response(404)
                    self.send_header("Content-Length", "0")
                    self.end_headers()
                    return
                response = responses.pop(0) if len(responses) > 1 else responses[0]
                if not_modified(response, dict(self.headers)):
                    self.send_response(304)
                    for name in VALIDATORS:
                        if name in response.headers:
                            self.send_header(name, response.headers[name])
                    self.end_headers()
                    return
                self.send_response(response.status)
                self.send_header("Content-Type", response.content_type)
                self.send_header("Content-Length", str(len(response.body)))
                for name, value in response.headers.items():
                    self.send_header(name, value)
                self.end_headers()
                self.wfile.write(response.body)
    
            def log_message(self, format: str, *args: object) -> None:
                return
    
>       server = ThreadingHTTPServer(("127.0.0.1", 0), Handler)
                 ^^^^^^^^^^^^^^^^^^^^^^^^^^^^^^^^^^^^^^^^^^^^^^

tests/test_mirror.py:208: 
_ _ _ _ _ _ _ _ _ _ _ _ _ _ _ _ _ _ _ _ _ _ _ _ _ _ _ _ _ _ _ _ _ _ _ _ _ _ _ _ 
../../.local/share/uv/python/cpython-3.12.13-macos-aarch64-none/lib/python3.12/socketserver.py:457: in __init__
    self.server_bind()
../../.local/share/uv/python/cpython-3.12.13-macos-aarch64-none/lib/python3.12/http/server.py:140: in server_bind
    socketserver.TCPServer.server_bind(self)
_ _ _ _ _ _ _ _ _ _ _ _ _ _ _ _ _ _ _ _ _ _ _ _ _ _ _ _ _ _ _ _ _ _ _ _ _ _ _ _ 

self = <http.server.ThreadingHTTPServer object at 0x10470eba0>

    def server_bind(self):
        """Called by constructor to bind the socket.
    
        May be overridden.
    
        """
        if self.allow_reuse_address and hasattr(socket, "SO_REUSEADDR"):
            self.socket.setsockopt(socket.SOL_SOCKET, socket.SO_REUSEADDR, 1)
        # Since Linux 6.12.9, SO_REUSEPORT is not allowed
        # on other address families than AF_INET/AF_INET6.
        if (
            self.allow_reuse_port and hasattr(socket, "SO_REUSEPORT")
            and self.address_family in (socket.AF_INET, socket.AF_INET6)
        ):
            self.socket.setsockopt(socket.SOL_SOCKET, socket.SO_REUSEPORT, 1)
>       self.socket.bind(self.server_address)
E       PermissionError: [Errno 1] Operation not permitted

../../.local/share/uv/python/cpython-3.12.13-macos-aarch64-none/lib/python3.12/socketserver.py:478: PermissionError
_ ERROR at setup of test_a_pattern_that_does_not_compile_is_refused_before_anything_is_fetched[--exclude=[a--unterminated character set] _
[gw0] darwin -- Python 3.12.13 /Users/thomas/Projects/skills-388-391/.scratch-390/uv-cache/builds-v0/.tmpduVqix/bin/python

    @pytest.fixture
    def site() -> Iterator[Site]:
        """Serve a fresh fixture site for one test, and stop it afterwards."""
    
        served = Site()
    
        class Handler(BaseHTTPRequestHandler):
            def do_GET(self) -> None:
                host = self.headers.get("Host", "")
                request = Request(host, self.path, dict(self.headers))
                served.requests.append(request)
                gated = served.gate(request) if served.gate else None
                if gated is not None:
                    self.send_response(gated.status)
                    self.send_header("Content-Type", gated.content_type)
                    self.send_header("Content-Length", str(len(gated.body)))
                    for name, value in gated.headers.items():
                        self.send_header(name, value)
                    self.end_headers()
                    self.wfile.write(gated.body)
                    return
                responses = served.host_routes.get(
                    (host.rpartition(":")[0], self.path)
                ) or served.routes.get(self.path)
                if not responses:
                    self.send_response(404)
                    self.send_header("Content-Length", "0")
                    self.end_headers()
                    return
                response = responses.pop(0) if len(responses) > 1 else responses[0]
                if not_modified(response, dict(self.headers)):
                    self.send_response(304)
                    for name in VALIDATORS:
                        if name in response.headers:
                            self.send_header(name, response.headers[name])
                    self.end_headers()
                    return
                self.send_response(response.status)
                self.send_header("Content-Type", response.content_type)
                self.send_header("Content-Length", str(len(response.body)))
                for name, value in response.headers.items():
                    self.send_header(name, value)
                self.end_headers()
                self.wfile.write(response.body)
    
            def log_message(self, format: str, *args: object) -> None:
                return
    
>       server = ThreadingHTTPServer(("127.0.0.1", 0), Handler)
                 ^^^^^^^^^^^^^^^^^^^^^^^^^^^^^^^^^^^^^^^^^^^^^^

tests/test_mirror.py:208: 
_ _ _ _ _ _ _ _ _ _ _ _ _ _ _ _ _ _ _ _ _ _ _ _ _ _ _ _ _ _ _ _ _ _ _ _ _ _ _ _ 
../../.local/share/uv/python/cpython-3.12.13-macos-aarch64-none/lib/python3.12/socketserver.py:457: in __init__
    self.server_bind()
../../.local/share/uv/python/cpython-3.12.13-macos-aarch64-none/lib/python3.12/http/server.py:140: in server_bind
    socketserver.TCPServer.server_bind(self)
_ _ _ _ _ _ _ _ _ _ _ _ _ _ _ _ _ _ _ _ _ _ _ _ _ _ _ _ _ _ _ _ _ _ _ _ _ _ _ _ 

self = <http.server.ThreadingHTTPServer object at 0x1047aebd0>

    def server_bind(self):
        """Called by constructor to bind the socket.
    
        May be overridden.
    
        """
        if self.allow_reuse_address and hasattr(socket, "SO_REUSEADDR"):
            self.socket.setsockopt(socket.SOL_SOCKET, socket.SO_REUSEADDR, 1)
        # Since Linux 6.12.9, SO_REUSEPORT is not allowed
        # on other address families than AF_INET/AF_INET6.
        if (
            self.allow_reuse_port and hasattr(socket, "SO_REUSEPORT")
            and self.address_family in (socket.AF_INET, socket.AF_INET6)
        ):
            self.socket.setsockopt(socket.SOL_SOCKET, socket.SO_REUSEPORT, 1)
>       self.socket.bind(self.server_address)
E       PermissionError: [Errno 1] Operation not permitted

../../.local/share/uv/python/cpython-3.12.13-macos-aarch64-none/lib/python3.12/socketserver.py:478: PermissionError
_____ ERROR at setup of test_an_exclude_matching_the_start_page_is_refused _____
[gw0] darwin -- Python 3.12.13 /Users/thomas/Projects/skills-388-391/.scratch-390/uv-cache/builds-v0/.tmpduVqix/bin/python

    @pytest.fixture
    def site() -> Iterator[Site]:
        """Serve a fresh fixture site for one test, and stop it afterwards."""
    
        served = Site()
    
        class Handler(BaseHTTPRequestHandler):
            def do_GET(self) -> None:
                host = self.headers.get("Host", "")
                request = Request(host, self.path, dict(self.headers))
                served.requests.append(request)
                gated = served.gate(request) if served.gate else None
                if gated is not None:
                    self.send_response(gated.status)
                    self.send_header("Content-Type", gated.content_type)
                    self.send_header("Content-Length", str(len(gated.body)))
                    for name, value in gated.headers.items():
                        self.send_header(name, value)
                    self.end_headers()
                    self.wfile.write(gated.body)
                    return
                responses = served.host_routes.get(
                    (host.rpartition(":")[0], self.path)
                ) or served.routes.get(self.path)
                if not responses:
                    self.send_response(404)
                    self.send_header("Content-Length", "0")
                    self.end_headers()
                    return
                response = responses.pop(0) if len(responses) > 1 else responses[0]
                if not_modified(response, dict(self.headers)):
                    self.send_response(304)
                    for name in VALIDATORS:
                        if name in response.headers:
                            self.send_header(name, response.headers[name])
                    self.end_headers()
                    return
                self.send_response(response.status)
                self.send_header("Content-Type", response.content_type)
                self.send_header("Content-Length", str(len(response.body)))
                for name, value in response.headers.items():
                    self.send_header(name, value)
                self.end_headers()
                self.wfile.write(response.body)
    
            def log_message(self, format: str, *args: object) -> None:
                return
    
>       server = ThreadingHTTPServer(("127.0.0.1", 0), Handler)
                 ^^^^^^^^^^^^^^^^^^^^^^^^^^^^^^^^^^^^^^^^^^^^^^

tests/test_mirror.py:208: 
_ _ _ _ _ _ _ _ _ _ _ _ _ _ _ _ _ _ _ _ _ _ _ _ _ _ _ _ _ _ _ _ _ _ _ _ _ _ _ _ 
../../.local/share/uv/python/cpython-3.12.13-macos-aarch64-none/lib/python3.12/socketserver.py:457: in __init__
    self.server_bind()
../../.local/share/uv/python/cpython-3.12.13-macos-aarch64-none/lib/python3.12/http/server.py:140: in server_bind
    socketserver.TCPServer.server_bind(self)
_ _ _ _ _ _ _ _ _ _ _ _ _ _ _ _ _ _ _ _ _ _ _ _ _ _ _ _ _ _ _ _ _ _ _ _ _ _ _ _ 

self = <http.server.ThreadingHTTPServer object at 0x1047afb00>

    def server_bind(self):
        """Called by constructor to bind the socket.
    
        May be overridden.
    
        """
        if self.allow_reuse_address and hasattr(socket, "SO_REUSEADDR"):
            self.socket.setsockopt(socket.SOL_SOCKET, socket.SO_REUSEADDR, 1)
        # Since Linux 6.12.9, SO_REUSEPORT is not allowed
        # on other address families than AF_INET/AF_INET6.
        if (
            self.allow_reuse_port and hasattr(socket, "SO_REUSEPORT")
            and self.address_family in (socket.AF_INET, socket.AF_INET6)
        ):
            self.socket.setsockopt(socket.SOL_SOCKET, socket.SO_REUSEPORT, 1)
>       self.socket.bind(self.server_address)
E       PermissionError: [Errno 1] Operation not permitted

../../.local/share/uv/python/cpython-3.12.13-macos-aarch64-none/lib/python3.12/socketserver.py:478: PermissionError
_ ERROR at setup of test_a_second_run_against_an_unchanged_site_asks_conditionally_and_replaces_nothing _
[gw0] darwin -- Python 3.12.13 /Users/thomas/Projects/skills-388-391/.scratch-390/uv-cache/builds-v0/.tmpduVqix/bin/python

    @pytest.fixture
    def site() -> Iterator[Site]:
        """Serve a fresh fixture site for one test, and stop it afterwards."""
    
        served = Site()
    
        class Handler(BaseHTTPRequestHandler):
            def do_GET(self) -> None:
                host = self.headers.get("Host", "")
                request = Request(host, self.path, dict(self.headers))
                served.requests.append(request)
                gated = served.gate(request) if served.gate else None
                if gated is not None:
                    self.send_response(gated.status)
                    self.send_header("Content-Type", gated.content_type)
                    self.send_header("Content-Length", str(len(gated.body)))
                    for name, value in gated.headers.items():
                        self.send_header(name, value)
                    self.end_headers()
                    self.wfile.write(gated.body)
                    return
                responses = served.host_routes.get(
                    (host.rpartition(":")[0], self.path)
                ) or served.routes.get(self.path)
                if not responses:
                    self.send_response(404)
                    self.send_header("Content-Length", "0")
                    self.end_headers()
                    return
                response = responses.pop(0) if len(responses) > 1 else responses[0]
                if not_modified(response, dict(self.headers)):
                    self.send_response(304)
                    for name in VALIDATORS:
                        if name in response.headers:
                            self.send_header(name, response.headers[name])
                    self.end_headers()
                    return
                self.send_response(response.status)
                self.send_header("Content-Type", response.content_type)
                self.send_header("Content-Length", str(len(response.body)))
                for name, value in response.headers.items():
                    self.send_header(name, value)
                self.end_headers()
                self.wfile.write(response.body)
    
            def log_message(self, format: str, *args: object) -> None:
                return
    
>       server = ThreadingHTTPServer(("127.0.0.1", 0), Handler)
                 ^^^^^^^^^^^^^^^^^^^^^^^^^^^^^^^^^^^^^^^^^^^^^^

tests/test_mirror.py:208: 
_ _ _ _ _ _ _ _ _ _ _ _ _ _ _ _ _ _ _ _ _ _ _ _ _ _ _ _ _ _ _ _ _ _ _ _ _ _ _ _ 
../../.local/share/uv/python/cpython-3.12.13-macos-aarch64-none/lib/python3.12/socketserver.py:457: in __init__
    self.server_bind()
../../.local/share/uv/python/cpython-3.12.13-macos-aarch64-none/lib/python3.12/http/server.py:140: in server_bind
    socketserver.TCPServer.server_bind(self)
_ _ _ _ _ _ _ _ _ _ _ _ _ _ _ _ _ _ _ _ _ _ _ _ _ _ _ _ _ _ _ _ _ _ _ _ _ _ _ _ 

self = <http.server.ThreadingHTTPServer object at 0x1047bc530>

    def server_bind(self):
        """Called by constructor to bind the socket.
    
        May be overridden.
    
        """
        if self.allow_reuse_address and hasattr(socket, "SO_REUSEADDR"):
            self.socket.setsockopt(socket.SOL_SOCKET, socket.SO_REUSEADDR, 1)
        # Since Linux 6.12.9, SO_REUSEPORT is not allowed
        # on other address families than AF_INET/AF_INET6.
        if (
            self.allow_reuse_port and hasattr(socket, "SO_REUSEPORT")
            and self.address_family in (socket.AF_INET, socket.AF_INET6)
        ):
            self.socket.setsockopt(socket.SOL_SOCKET, socket.SO_REUSEPORT, 1)
>       self.socket.bind(self.server_address)
E       PermissionError: [Errno 1] Operation not permitted

../../.local/share/uv/python/cpython-3.12.13-macos-aarch64-none/lib/python3.12/socketserver.py:478: PermissionError
_ ERROR at setup of test_a_changed_page_is_replaced_with_its_raw_copy_and_nothing_else_is _
[gw0] darwin -- Python 3.12.13 /Users/thomas/Projects/skills-388-391/.scratch-390/uv-cache/builds-v0/.tmpduVqix/bin/python

    @pytest.fixture
    def site() -> Iterator[Site]:
        """Serve a fresh fixture site for one test, and stop it afterwards."""
    
        served = Site()
    
        class Handler(BaseHTTPRequestHandler):
            def do_GET(self) -> None:
                host = self.headers.get("Host", "")
                request = Request(host, self.path, dict(self.headers))
                served.requests.append(request)
                gated = served.gate(request) if served.gate else None
                if gated is not None:
                    self.send_response(gated.status)
                    self.send_header("Content-Type", gated.content_type)
                    self.send_header("Content-Length", str(len(gated.body)))
                    for name, value in gated.headers.items():
                        self.send_header(name, value)
                    self.end_headers()
                    self.wfile.write(gated.body)
                    return
                responses = served.host_routes.get(
                    (host.rpartition(":")[0], self.path)
                ) or served.routes.get(self.path)
                if not responses:
                    self.send_response(404)
                    self.send_header("Content-Length", "0")
                    self.end_headers()
                    return
                response = responses.pop(0) if len(responses) > 1 else responses[0]
                if not_modified(response, dict(self.headers)):
                    self.send_response(304)
                    for name in VALIDATORS:
                        if name in response.headers:
                            self.send_header(name, response.headers[name])
                    self.end_headers()
                    return
                self.send_response(response.status)
                self.send_header("Content-Type", response.content_type)
                self.send_header("Content-Length", str(len(response.body)))
                for name, value in response.headers.items():
                    self.send_header(name, value)
                self.end_headers()
                self.wfile.write(response.body)
    
            def log_message(self, format: str, *args: object) -> None:
                return
    
>       server = ThreadingHTTPServer(("127.0.0.1", 0), Handler)
                 ^^^^^^^^^^^^^^^^^^^^^^^^^^^^^^^^^^^^^^^^^^^^^^

tests/test_mirror.py:208: 
_ _ _ _ _ _ _ _ _ _ _ _ _ _ _ _ _ _ _ _ _ _ _ _ _ _ _ _ _ _ _ _ _ _ _ _ _ _ _ _ 
../../.local/share/uv/python/cpython-3.12.13-macos-aarch64-none/lib/python3.12/socketserver.py:457: in __init__
    self.server_bind()
../../.local/share/uv/python/cpython-3.12.13-macos-aarch64-none/lib/python3.12/http/server.py:140: in server_bind
    socketserver.TCPServer.server_bind(self)
_ _ _ _ _ _ _ _ _ _ _ _ _ _ _ _ _ _ _ _ _ _ _ _ _ _ _ _ _ _ _ _ _ _ _ _ _ _ _ _ 

self = <http.server.ThreadingHTTPServer object at 0x1047afad0>

    def server_bind(self):
        """Called by constructor to bind the socket.
    
        May be overridden.
    
        """
        if self.allow_reuse_address and hasattr(socket, "SO_REUSEADDR"):
            self.socket.setsockopt(socket.SOL_SOCKET, socket.SO_REUSEADDR, 1)
        # Since Linux 6.12.9, SO_REUSEPORT is not allowed
        # on other address families than AF_INET/AF_INET6.
        if (
            self.allow_reuse_port and hasattr(socket, "SO_REUSEPORT")
            and self.address_family in (socket.AF_INET, socket.AF_INET6)
        ):
            self.socket.setsockopt(socket.SOL_SOCKET, socket.SO_REUSEPORT, 1)
>       self.socket.bind(self.server_address)
E       PermissionError: [Errno 1] Operation not permitted

../../.local/share/uv/python/cpython-3.12.13-macos-aarch64-none/lib/python3.12/socketserver.py:478: PermissionError
_ ERROR at setup of test_a_page_new_to_the_mirror_turns_a_reference_in_an_unchanged_page_local _
[gw0] darwin -- Python 3.12.13 /Users/thomas/Projects/skills-388-391/.scratch-390/uv-cache/builds-v0/.tmpduVqix/bin/python

    @pytest.fixture
    def site() -> Iterator[Site]:
        """Serve a fresh fixture site for one test, and stop it afterwards."""
    
        served = Site()
    
        class Handler(BaseHTTPRequestHandler):
            def do_GET(self) -> None:
                host = self.headers.get("Host", "")
                request = Request(host, self.path, dict(self.headers))
                served.requests.append(request)
                gated = served.gate(request) if served.gate else None
                if gated is not None:
                    self.send_response(gated.status)
                    self.send_header("Content-Type", gated.content_type)
                    self.send_header("Content-Length", str(len(gated.body)))
                    for name, value in gated.headers.items():
                        self.send_header(name, value)
                    self.end_headers()
                    self.wfile.write(gated.body)
                    return
                responses = served.host_routes.get(
                    (host.rpartition(":")[0], self.path)
                ) or served.routes.get(self.path)
                if not responses:
                    self.send_response(404)
                    self.send_header("Content-Length", "0")
                    self.end_headers()
                    return
                response = responses.pop(0) if len(responses) > 1 else responses[0]
                if not_modified(response, dict(self.headers)):
                    self.send_response(304)
                    for name in VALIDATORS:
                        if name in response.headers:
                            self.send_header(name, response.headers[name])
                    self.end_headers()
                    return
                self.send_response(response.status)
                self.send_header("Content-Type", response.content_type)
                self.send_header("Content-Length", str(len(response.body)))
                for name, value in response.headers.items():
                    self.send_header(name, value)
                self.end_headers()
                self.wfile.write(response.body)
    
            def log_message(self, format: str, *args: object) -> None:
                return
    
>       server = ThreadingHTTPServer(("127.0.0.1", 0), Handler)
                 ^^^^^^^^^^^^^^^^^^^^^^^^^^^^^^^^^^^^^^^^^^^^^^

tests/test_mirror.py:208: 
_ _ _ _ _ _ _ _ _ _ _ _ _ _ _ _ _ _ _ _ _ _ _ _ _ _ _ _ _ _ _ _ _ _ _ _ _ _ _ _ 
../../.local/share/uv/python/cpython-3.12.13-macos-aarch64-none/lib/python3.12/socketserver.py:457: in __init__
    self.server_bind()
../../.local/share/uv/python/cpython-3.12.13-macos-aarch64-none/lib/python3.12/http/server.py:140: in server_bind
    socketserver.TCPServer.server_bind(self)
_ _ _ _ _ _ _ _ _ _ _ _ _ _ _ _ _ _ _ _ _ _ _ _ _ _ _ _ _ _ _ _ _ _ _ _ _ _ _ _ 

self = <http.server.ThreadingHTTPServer object at 0x1047bee10>

    def server_bind(self):
        """Called by constructor to bind the socket.
    
        May be overridden.
    
        """
        if self.allow_reuse_address and hasattr(socket, "SO_REUSEADDR"):
            self.socket.setsockopt(socket.SOL_SOCKET, socket.SO_REUSEADDR, 1)
        # Since Linux 6.12.9, SO_REUSEPORT is not allowed
        # on other address families than AF_INET/AF_INET6.
        if (
            self.allow_reuse_port and hasattr(socket, "SO_REUSEPORT")
            and self.address_family in (socket.AF_INET, socket.AF_INET6)
        ):
            self.socket.setsockopt(socket.SOL_SOCKET, socket.SO_REUSEPORT, 1)
>       self.socket.bind(self.server_address)
E       PermissionError: [Errno 1] Operation not permitted

../../.local/share/uv/python/cpython-3.12.13-macos-aarch64-none/lib/python3.12/socketserver.py:478: PermissionError
_ ERROR at setup of test_a_page_gone_from_the_site_keeps_its_file_and_is_recorded_absent _
[gw0] darwin -- Python 3.12.13 /Users/thomas/Projects/skills-388-391/.scratch-390/uv-cache/builds-v0/.tmpduVqix/bin/python

    @pytest.fixture
    def site() -> Iterator[Site]:
        """Serve a fresh fixture site for one test, and stop it afterwards."""
    
        served = Site()
    
        class Handler(BaseHTTPRequestHandler):
            def do_GET(self) -> None:
                host = self.headers.get("Host", "")
                request = Request(host, self.path, dict(self.headers))
                served.requests.append(request)
                gated = served.gate(request) if served.gate else None
                if gated is not None:
                    self.send_response(gated.status)
                    self.send_header("Content-Type", gated.content_type)
                    self.send_header("Content-Length", str(len(gated.body)))
                    for name, value in gated.headers.items():
                        self.send_header(name, value)
                    self.end_headers()
                    self.wfile.write(gated.body)
                    return
                responses = served.host_routes.get(
                    (host.rpartition(":")[0], self.path)
                ) or served.routes.get(self.path)
                if not responses:
                    self.send_response(404)
                    self.send_header("Content-Length", "0")
                    self.end_headers()
                    return
                response = responses.pop(0) if len(responses) > 1 else responses[0]
                if not_modified(response, dict(self.headers)):
                    self.send_response(304)
                    for name in VALIDATORS:
                        if name in response.headers:
                            self.send_header(name, response.headers[name])
                    self.end_headers()
                    return
                self.send_response(response.status)
                self.send_header("Content-Type", response.content_type)
                self.send_header("Content-Length", str(len(response.body)))
                for name, value in response.headers.items():
                    self.send_header(name, value)
                self.end_headers()
                self.wfile.write(response.body)
    
            def log_message(self, format: str, *args: object) -> None:
                return
    
>       server = ThreadingHTTPServer(("127.0.0.1", 0), Handler)
                 ^^^^^^^^^^^^^^^^^^^^^^^^^^^^^^^^^^^^^^^^^^^^^^

tests/test_mirror.py:208: 
_ _ _ _ _ _ _ _ _ _ _ _ _ _ _ _ _ _ _ _ _ _ _ _ _ _ _ _ _ _ _ _ _ _ _ _ _ _ _ _ 
../../.local/share/uv/python/cpython-3.12.13-macos-aarch64-none/lib/python3.12/socketserver.py:457: in __init__
    self.server_bind()
../../.local/share/uv/python/cpython-3.12.13-macos-aarch64-none/lib/python3.12/http/server.py:140: in server_bind
    socketserver.TCPServer.server_bind(self)
_ _ _ _ _ _ _ _ _ _ _ _ _ _ _ _ _ _ _ _ _ _ _ _ _ _ _ _ _ _ _ _ _ _ _ _ _ _ _ _ 

self = <http.server.ThreadingHTTPServer object at 0x1047aee70>

    def server_bind(self):
        """Called by constructor to bind the socket.
    
        May be overridden.
    
        """
        if self.allow_reuse_address and hasattr(socket, "SO_REUSEADDR"):
            self.socket.setsockopt(socket.SOL_SOCKET, socket.SO_REUSEADDR, 1)
        # Since Linux 6.12.9, SO_REUSEPORT is not allowed
        # on other address families than AF_INET/AF_INET6.
        if (
            self.allow_reuse_port and hasattr(socket, "SO_REUSEPORT")
            and self.address_family in (socket.AF_INET, socket.AF_INET6)
        ):
            self.socket.setsockopt(socket.SOL_SOCKET, socket.SO_REUSEPORT, 1)
>       self.socket.bind(self.server_address)
E       PermissionError: [Errno 1] Operation not permitted

../../.local/share/uv/python/cpython-3.12.13-macos-aarch64-none/lib/python3.12/socketserver.py:478: PermissionError
___ ERROR at setup of test_a_row_without_a_validator_sends_only_what_it_has ____
[gw0] darwin -- Python 3.12.13 /Users/thomas/Projects/skills-388-391/.scratch-390/uv-cache/builds-v0/.tmpduVqix/bin/python

    @pytest.fixture
    def site() -> Iterator[Site]:
        """Serve a fresh fixture site for one test, and stop it afterwards."""
    
        served = Site()
    
        class Handler(BaseHTTPRequestHandler):
            def do_GET(self) -> None:
                host = self.headers.get("Host", "")
                request = Request(host, self.path, dict(self.headers))
                served.requests.append(request)
                gated = served.gate(request) if served.gate else None
                if gated is not None:
                    self.send_response(gated.status)
                    self.send_header("Content-Type", gated.content_type)
                    self.send_header("Content-Length", str(len(gated.body)))
                    for name, value in gated.headers.items():
                        self.send_header(name, value)
                    self.end_headers()
                    self.wfile.write(gated.body)
                    return
                responses = served.host_routes.get(
                    (host.rpartition(":")[0], self.path)
                ) or served.routes.get(self.path)
                if not responses:
                    self.send_response(404)
                    self.send_header("Content-Length", "0")
                    self.end_headers()
                    return
                response = responses.pop(0) if len(responses) > 1 else responses[0]
                if not_modified(response, dict(self.headers)):
                    self.send_response(304)
                    for name in VALIDATORS:
                        if name in response.headers:
                            self.send_header(name, response.headers[name])
                    self.end_headers()
                    return
                self.send_response(response.status)
                self.send_header("Content-Type", response.content_type)
                self.send_header("Content-Length", str(len(response.body)))
                for name, value in response.headers.items():
                    self.send_header(name, value)
                self.end_headers()
                self.wfile.write(response.body)
    
            def log_message(self, format: str, *args: object) -> None:
                return
    
>       server = ThreadingHTTPServer(("127.0.0.1", 0), Handler)
                 ^^^^^^^^^^^^^^^^^^^^^^^^^^^^^^^^^^^^^^^^^^^^^^

tests/test_mirror.py:208: 
_ _ _ _ _ _ _ _ _ _ _ _ _ _ _ _ _ _ _ _ _ _ _ _ _ _ _ _ _ _ _ _ _ _ _ _ _ _ _ _ 
../../.local/share/uv/python/cpython-3.12.13-macos-aarch64-none/lib/python3.12/socketserver.py:457: in __init__
    self.server_bind()
../../.local/share/uv/python/cpython-3.12.13-macos-aarch64-none/lib/python3.12/http/server.py:140: in server_bind
    socketserver.TCPServer.server_bind(self)
_ _ _ _ _ _ _ _ _ _ _ _ _ _ _ _ _ _ _ _ _ _ _ _ _ _ _ _ _ _ _ _ _ _ _ _ _ _ _ _ 

self = <http.server.ThreadingHTTPServer object at 0x1047bd9a0>

    def server_bind(self):
        """Called by constructor to bind the socket.
    
        May be overridden.
    
        """
        if self.allow_reuse_address and hasattr(socket, "SO_REUSEADDR"):
            self.socket.setsockopt(socket.SOL_SOCKET, socket.SO_REUSEADDR, 1)
        # Since Linux 6.12.9, SO_REUSEPORT is not allowed
        # on other address families than AF_INET/AF_INET6.
        if (
            self.allow_reuse_port and hasattr(socket, "SO_REUSEPORT")
            and self.address_family in (socket.AF_INET, socket.AF_INET6)
        ):
            self.socket.setsockopt(socket.SOL_SOCKET, socket.SO_REUSEPORT, 1)
>       self.socket.bind(self.server_address)
E       PermissionError: [Errno 1] Operation not permitted

../../.local/share/uv/python/cpython-3.12.13-macos-aarch64-none/lib/python3.12/socketserver.py:478: PermissionError
_ ERROR at setup of test_a_dry_run_against_a_mirror_marks_the_conditional_urls_and_writes_nothing _
[gw0] darwin -- Python 3.12.13 /Users/thomas/Projects/skills-388-391/.scratch-390/uv-cache/builds-v0/.tmpduVqix/bin/python

    @pytest.fixture
    def site() -> Iterator[Site]:
        """Serve a fresh fixture site for one test, and stop it afterwards."""
    
        served = Site()
    
        class Handler(BaseHTTPRequestHandler):
            def do_GET(self) -> None:
                host = self.headers.get("Host", "")
                request = Request(host, self.path, dict(self.headers))
                served.requests.append(request)
                gated = served.gate(request) if served.gate else None
                if gated is not None:
                    self.send_response(gated.status)
                    self.send_header("Content-Type", gated.content_type)
                    self.send_header("Content-Length", str(len(gated.body)))
                    for name, value in gated.headers.items():
                        self.send_header(name, value)
                    self.end_headers()
                    self.wfile.write(gated.body)
                    return
                responses = served.host_routes.get(
                    (host.rpartition(":")[0], self.path)
                ) or served.routes.get(self.path)
                if not responses:
                    self.send_response(404)
                    self.send_header("Content-Length", "0")
                    self.end_headers()
                    return
                response = responses.pop(0) if len(responses) > 1 else responses[0]
                if not_modified(response, dict(self.headers)):
                    self.send_response(304)
                    for name in VALIDATORS:
                        if name in response.headers:
                            self.send_header(name, response.headers[name])
                    self.end_headers()
                    return
                self.send_response(response.status)
                self.send_header("Content-Type", response.content_type)
                self.send_header("Content-Length", str(len(response.body)))
                for name, value in response.headers.items():
                    self.send_header(name, value)
                self.end_headers()
                self.wfile.write(response.body)
    
            def log_message(self, format: str, *args: object) -> None:
                return
    
>       server = ThreadingHTTPServer(("127.0.0.1", 0), Handler)
                 ^^^^^^^^^^^^^^^^^^^^^^^^^^^^^^^^^^^^^^^^^^^^^^

tests/test_mirror.py:208: 
_ _ _ _ _ _ _ _ _ _ _ _ _ _ _ _ _ _ _ _ _ _ _ _ _ _ _ _ _ _ _ _ _ _ _ _ _ _ _ _ 
../../.local/share/uv/python/cpython-3.12.13-macos-aarch64-none/lib/python3.12/socketserver.py:457: in __init__
    self.server_bind()
../../.local/share/uv/python/cpython-3.12.13-macos-aarch64-none/lib/python3.12/http/server.py:140: in server_bind
    socketserver.TCPServer.server_bind(self)
_ _ _ _ _ _ _ _ _ _ _ _ _ _ _ _ _ _ _ _ _ _ _ _ _ _ _ _ _ _ _ _ _ _ _ _ _ _ _ _ 

self = <http.server.ThreadingHTTPServer object at 0x104739be0>

    def server_bind(self):
        """Called by constructor to bind the socket.
    
        May be overridden.
    
        """
        if self.allow_reuse_address and hasattr(socket, "SO_REUSEADDR"):
            self.socket.setsockopt(socket.SOL_SOCKET, socket.SO_REUSEADDR, 1)
        # Since Linux 6.12.9, SO_REUSEPORT is not allowed
        # on other address families than AF_INET/AF_INET6.
        if (
            self.allow_reuse_port and hasattr(socket, "SO_REUSEPORT")
            and self.address_family in (socket.AF_INET, socket.AF_INET6)
        ):
            self.socket.setsockopt(socket.SOL_SOCKET, socket.SO_REUSEPORT, 1)
>       self.socket.bind(self.server_address)
E       PermissionError: [Errno 1] Operation not permitted

../../.local/share/uv/python/cpython-3.12.13-macos-aarch64-none/lib/python3.12/socketserver.py:478: PermissionError
_ ERROR at setup of test_a_charset_the_server_declared_holds_for_an_unchanged_page _
[gw0] darwin -- Python 3.12.13 /Users/thomas/Projects/skills-388-391/.scratch-390/uv-cache/builds-v0/.tmpduVqix/bin/python

    @pytest.fixture
    def site() -> Iterator[Site]:
        """Serve a fresh fixture site for one test, and stop it afterwards."""
    
        served = Site()
    
        class Handler(BaseHTTPRequestHandler):
            def do_GET(self) -> None:
                host = self.headers.get("Host", "")
                request = Request(host, self.path, dict(self.headers))
                served.requests.append(request)
                gated = served.gate(request) if served.gate else None
                if gated is not None:
                    self.send_response(gated.status)
                    self.send_header("Content-Type", gated.content_type)
                    self.send_header("Content-Length", str(len(gated.body)))
                    for name, value in gated.headers.items():
                        self.send_header(name, value)
                    self.end_headers()
                    self.wfile.write(gated.body)
                    return
                responses = served.host_routes.get(
                    (host.rpartition(":")[0], self.path)
                ) or served.routes.get(self.path)
                if not responses:
                    self.send_response(404)
                    self.send_header("Content-Length", "0")
                    self.end_headers()
                    return
                response = responses.pop(0) if len(responses) > 1 else responses[0]
                if not_modified(response, dict(self.headers)):
                    self.send_response(304)
                    for name in VALIDATORS:
                        if name in response.headers:
                            self.send_header(name, response.headers[name])
                    self.end_headers()
                    return
                self.send_response(response.status)
                self.send_header("Content-Type", response.content_type)
                self.send_header("Content-Length", str(len(response.body)))
                for name, value in response.headers.items():
                    self.send_header(name, value)
                self.end_headers()
                self.wfile.write(response.body)
    
            def log_message(self, format: str, *args: object) -> None:
                return
    
>       server = ThreadingHTTPServer(("127.0.0.1", 0), Handler)
                 ^^^^^^^^^^^^^^^^^^^^^^^^^^^^^^^^^^^^^^^^^^^^^^

tests/test_mirror.py:208: 
_ _ _ _ _ _ _ _ _ _ _ _ _ _ _ _ _ _ _ _ _ _ _ _ _ _ _ _ _ _ _ _ _ _ _ _ _ _ _ _ 
../../.local/share/uv/python/cpython-3.12.13-macos-aarch64-none/lib/python3.12/socketserver.py:457: in __init__
    self.server_bind()
../../.local/share/uv/python/cpython-3.12.13-macos-aarch64-none/lib/python3.12/http/server.py:140: in server_bind
    socketserver.TCPServer.server_bind(self)
_ _ _ _ _ _ _ _ _ _ _ _ _ _ _ _ _ _ _ _ _ _ _ _ _ _ _ _ _ _ _ _ _ _ _ _ _ _ _ _ 

self = <http.server.ThreadingHTTPServer object at 0x1047be450>

    def server_bind(self):
        """Called by constructor to bind the socket.
    
        May be overridden.
    
        """
        if self.allow_reuse_address and hasattr(socket, "SO_REUSEADDR"):
            self.socket.setsockopt(socket.SOL_SOCKET, socket.SO_REUSEADDR, 1)
        # Since Linux 6.12.9, SO_REUSEPORT is not allowed
        # on other address families than AF_INET/AF_INET6.
        if (
            self.allow_reuse_port and hasattr(socket, "SO_REUSEPORT")
            and self.address_family in (socket.AF_INET, socket.AF_INET6)
        ):
            self.socket.setsockopt(socket.SOL_SOCKET, socket.SO_REUSEPORT, 1)
>       self.socket.bind(self.server_address)
E       PermissionError: [Errno 1] Operation not permitted

../../.local/share/uv/python/cpython-3.12.13-macos-aarch64-none/lib/python3.12/socketserver.py:478: PermissionError
_ ERROR at setup of test_a_host_that_refuses_the_skills_identity_climbs_to_rung_two _
[gw0] darwin -- Python 3.12.13 /Users/thomas/Projects/skills-388-391/.scratch-390/uv-cache/builds-v0/.tmpduVqix/bin/python

    @pytest.fixture
    def site() -> Iterator[Site]:
        """Serve a fresh fixture site for one test, and stop it afterwards."""
    
        served = Site()
    
        class Handler(BaseHTTPRequestHandler):
            def do_GET(self) -> None:
                host = self.headers.get("Host", "")
                request = Request(host, self.path, dict(self.headers))
                served.requests.append(request)
                gated = served.gate(request) if served.gate else None
                if gated is not None:
                    self.send_response(gated.status)
                    self.send_header("Content-Type", gated.content_type)
                    self.send_header("Content-Length", str(len(gated.body)))
                    for name, value in gated.headers.items():
                        self.send_header(name, value)
                    self.end_headers()
                    self.wfile.write(gated.body)
                    return
                responses = served.host_routes.get(
                    (host.rpartition(":")[0], self.path)
                ) or served.routes.get(self.path)
                if not responses:
                    self.send_response(404)
                    self.send_header("Content-Length", "0")
                    self.end_headers()
                    return
                response = responses.pop(0) if len(responses) > 1 else responses[0]
                if not_modified(response, dict(self.headers)):
                    self.send_response(304)
                    for name in VALIDATORS:
                        if name in response.headers:
                            self.send_header(name, response.headers[name])
                    self.end_headers()
                    return
                self.send_response(response.status)
                self.send_header("Content-Type", response.content_type)
                self.send_header("Content-Length", str(len(response.body)))
                for name, value in response.headers.items():
                    self.send_header(name, value)
                self.end_headers()
                self.wfile.write(response.body)
    
            def log_message(self, format: str, *args: object) -> None:
                return
    
>       server = ThreadingHTTPServer(("127.0.0.1", 0), Handler)
                 ^^^^^^^^^^^^^^^^^^^^^^^^^^^^^^^^^^^^^^^^^^^^^^

tests/test_mirror.py:208: 
_ _ _ _ _ _ _ _ _ _ _ _ _ _ _ _ _ _ _ _ _ _ _ _ _ _ _ _ _ _ _ _ _ _ _ _ _ _ _ _ 
../../.local/share/uv/python/cpython-3.12.13-macos-aarch64-none/lib/python3.12/socketserver.py:457: in __init__
    self.server_bind()
../../.local/share/uv/python/cpython-3.12.13-macos-aarch64-none/lib/python3.12/http/server.py:140: in server_bind
    socketserver.TCPServer.server_bind(self)
_ _ _ _ _ _ _ _ _ _ _ _ _ _ _ _ _ _ _ _ _ _ _ _ _ _ _ _ _ _ _ _ _ _ _ _ _ _ _ _ 

self = <http.server.ThreadingHTTPServer object at 0x1047bfe90>

    def server_bind(self):
        """Called by constructor to bind the socket.
    
        May be overridden.
    
        """
        if self.allow_reuse_address and hasattr(socket, "SO_REUSEADDR"):
            self.socket.setsockopt(socket.SOL_SOCKET, socket.SO_REUSEADDR, 1)
        # Since Linux 6.12.9, SO_REUSEPORT is not allowed
        # on other address families than AF_INET/AF_INET6.
        if (
            self.allow_reuse_port and hasattr(socket, "SO_REUSEPORT")
            and self.address_family in (socket.AF_INET, socket.AF_INET6)
        ):
            self.socket.setsockopt(socket.SOL_SOCKET, socket.SO_REUSEPORT, 1)
>       self.socket.bind(self.server_address)
E       PermissionError: [Errno 1] Operation not permitted

../../.local/share/uv/python/cpython-3.12.13-macos-aarch64-none/lib/python3.12/socketserver.py:478: PermissionError
_ ERROR at setup of test_rung_two_looks_like_chrome_and_the_users_identity_wins_on_both_rungs _
[gw0] darwin -- Python 3.12.13 /Users/thomas/Projects/skills-388-391/.scratch-390/uv-cache/builds-v0/.tmpduVqix/bin/python

    @pytest.fixture
    def site() -> Iterator[Site]:
        """Serve a fresh fixture site for one test, and stop it afterwards."""
    
        served = Site()
    
        class Handler(BaseHTTPRequestHandler):
            def do_GET(self) -> None:
                host = self.headers.get("Host", "")
                request = Request(host, self.path, dict(self.headers))
                served.requests.append(request)
                gated = served.gate(request) if served.gate else None
                if gated is not None:
                    self.send_response(gated.status)
                    self.send_header("Content-Type", gated.content_type)
                    self.send_header("Content-Length", str(len(gated.body)))
                    for name, value in gated.headers.items():
                        self.send_header(name, value)
                    self.end_headers()
                    self.wfile.write(gated.body)
                    return
                responses = served.host_routes.get(
                    (host.rpartition(":")[0], self.path)
                ) or served.routes.get(self.path)
                if not responses:
                    self.send_response(404)
                    self.send_header("Content-Length", "0")
                    self.end_headers()
                    return
                response = responses.pop(0) if len(responses) > 1 else responses[0]
                if not_modified(response, dict(self.headers)):
                    self.send_response(304)
                    for name in VALIDATORS:
                        if name in response.headers:
                            self.send_header(name, response.headers[name])
                    self.end_headers()
                    return
                self.send_response(response.status)
                self.send_header("Content-Type", response.content_type)
                self.send_header("Content-Length", str(len(response.body)))
                for name, value in response.headers.items():
                    self.send_header(name, value)
                self.end_headers()
                self.wfile.write(response.body)
    
            def log_message(self, format: str, *args: object) -> None:
                return
    
>       server = ThreadingHTTPServer(("127.0.0.1", 0), Handler)
                 ^^^^^^^^^^^^^^^^^^^^^^^^^^^^^^^^^^^^^^^^^^^^^^

tests/test_mirror.py:208: 
_ _ _ _ _ _ _ _ _ _ _ _ _ _ _ _ _ _ _ _ _ _ _ _ _ _ _ _ _ _ _ _ _ _ _ _ _ _ _ _ 
../../.local/share/uv/python/cpython-3.12.13-macos-aarch64-none/lib/python3.12/socketserver.py:457: in __init__
    self.server_bind()
../../.local/share/uv/python/cpython-3.12.13-macos-aarch64-none/lib/python3.12/http/server.py:140: in server_bind
    socketserver.TCPServer.server_bind(self)
_ _ _ _ _ _ _ _ _ _ _ _ _ _ _ _ _ _ _ _ _ _ _ _ _ _ _ _ _ _ _ _ _ _ _ _ _ _ _ _ 

self = <http.server.ThreadingHTTPServer object at 0x104a3a3f0>

    def server_bind(self):
        """Called by constructor to bind the socket.
    
        May be overridden.
    
        """
        if self.allow_reuse_address and hasattr(socket, "SO_REUSEADDR"):
            self.socket.setsockopt(socket.SOL_SOCKET, socket.SO_REUSEADDR, 1)
        # Since Linux 6.12.9, SO_REUSEPORT is not allowed
        # on other address families than AF_INET/AF_INET6.
        if (
            self.allow_reuse_port and hasattr(socket, "SO_REUSEPORT")
            and self.address_family in (socket.AF_INET, socket.AF_INET6)
        ):
            self.socket.setsockopt(socket.SOL_SOCKET, socket.SO_REUSEPORT, 1)
>       self.socket.bind(self.server_address)
E       PermissionError: [Errno 1] Operation not permitted

../../.local/share/uv/python/cpython-3.12.13-macos-aarch64-none/lib/python3.12/socketserver.py:478: PermissionError
_ ERROR at setup of test_a_challenge_page_is_a_block_and_a_busy_answer_that_recovers_is_not _
[gw0] darwin -- Python 3.12.13 /Users/thomas/Projects/skills-388-391/.scratch-390/uv-cache/builds-v0/.tmpduVqix/bin/python

    @pytest.fixture
    def site() -> Iterator[Site]:
        """Serve a fresh fixture site for one test, and stop it afterwards."""
    
        served = Site()
    
        class Handler(BaseHTTPRequestHandler):
            def do_GET(self) -> None:
                host = self.headers.get("Host", "")
                request = Request(host, self.path, dict(self.headers))
                served.requests.append(request)
                gated = served.gate(request) if served.gate else None
                if gated is not None:
                    self.send_response(gated.status)
                    self.send_header("Content-Type", gated.content_type)
                    self.send_header("Content-Length", str(len(gated.body)))
                    for name, value in gated.headers.items():
                        self.send_header(name, value)
                    self.end_headers()
                    self.wfile.write(gated.body)
                    return
                responses = served.host_routes.get(
                    (host.rpartition(":")[0], self.path)
                ) or served.routes.get(self.path)
                if not responses:
                    self.send_response(404)
                    self.send_header("Content-Length", "0")
                    self.end_headers()
                    return
                response = responses.pop(0) if len(responses) > 1 else responses[0]
                if not_modified(response, dict(self.headers)):
                    self.send_response(304)
                    for name in VALIDATORS:
                        if name in response.headers:
                            self.send_header(name, response.headers[name])
                    self.end_headers()
                    return
                self.send_response(response.status)
                self.send_header("Content-Type", response.content_type)
                self.send_header("Content-Length", str(len(response.body)))
                for name, value in response.headers.items():
                    self.send_header(name, value)
                self.end_headers()
                self.wfile.write(response.body)
    
            def log_message(self, format: str, *args: object) -> None:
                return
    
>       server = ThreadingHTTPServer(("127.0.0.1", 0), Handler)
                 ^^^^^^^^^^^^^^^^^^^^^^^^^^^^^^^^^^^^^^^^^^^^^^

tests/test_mirror.py:208: 
_ _ _ _ _ _ _ _ _ _ _ _ _ _ _ _ _ _ _ _ _ _ _ _ _ _ _ _ _ _ _ _ _ _ _ _ _ _ _ _ 
../../.local/share/uv/python/cpython-3.12.13-macos-aarch64-none/lib/python3.12/socketserver.py:457: in __init__
    self.server_bind()
../../.local/share/uv/python/cpython-3.12.13-macos-aarch64-none/lib/python3.12/http/server.py:140: in server_bind
    socketserver.TCPServer.server_bind(self)
_ _ _ _ _ _ _ _ _ _ _ _ _ _ _ _ _ _ _ _ _ _ _ _ _ _ _ _ _ _ _ _ _ _ _ _ _ _ _ _ 

self = <http.server.ThreadingHTTPServer object at 0x1047aef90>

    def server_bind(self):
        """Called by constructor to bind the socket.
    
        May be overridden.
    
        """
        if self.allow_reuse_address and hasattr(socket, "SO_REUSEADDR"):
            self.socket.setsockopt(socket.SOL_SOCKET, socket.SO_REUSEADDR, 1)
        # Since Linux 6.12.9, SO_REUSEPORT is not allowed
        # on other address families than AF_INET/AF_INET6.
        if (
            self.allow_reuse_port and hasattr(socket, "SO_REUSEPORT")
            and self.address_family in (socket.AF_INET, socket.AF_INET6)
        ):
            self.socket.setsockopt(socket.SOL_SOCKET, socket.SO_REUSEPORT, 1)
>       self.socket.bind(self.server_address)
E       PermissionError: [Errno 1] Operation not permitted

../../.local/share/uv/python/cpython-3.12.13-macos-aarch64-none/lib/python3.12/socketserver.py:478: PermissionError
___ ERROR at setup of test_a_marker_on_any_answer_moves_the_host[response0] ____
[gw0] darwin -- Python 3.12.13 /Users/thomas/Projects/skills-388-391/.scratch-390/uv-cache/builds-v0/.tmpduVqix/bin/python

    @pytest.fixture
    def site() -> Iterator[Site]:
        """Serve a fresh fixture site for one test, and stop it afterwards."""
    
        served = Site()
    
        class Handler(BaseHTTPRequestHandler):
            def do_GET(self) -> None:
                host = self.headers.get("Host", "")
                request = Request(host, self.path, dict(self.headers))
                served.requests.append(request)
                gated = served.gate(request) if served.gate else None
                if gated is not None:
                    self.send_response(gated.status)
                    self.send_header("Content-Type", gated.content_type)
                    self.send_header("Content-Length", str(len(gated.body)))
                    for name, value in gated.headers.items():
                        self.send_header(name, value)
                    self.end_headers()
                    self.wfile.write(gated.body)
                    return
                responses = served.host_routes.get(
                    (host.rpartition(":")[0], self.path)
                ) or served.routes.get(self.path)
                if not responses:
                    self.send_response(404)
                    self.send_header("Content-Length", "0")
                    self.end_headers()
                    return
                response = responses.pop(0) if len(responses) > 1 else responses[0]
                if not_modified(response, dict(self.headers)):
                    self.send_response(304)
                    for name in VALIDATORS:
                        if name in response.headers:
                            self.send_header(name, response.headers[name])
                    self.end_headers()
                    return
                self.send_response(response.status)
                self.send_header("Content-Type", response.content_type)
                self.send_header("Content-Length", str(len(response.body)))
                for name, value in response.headers.items():
                    self.send_header(name, value)
                self.end_headers()
                self.wfile.write(response.body)
    
            def log_message(self, format: str, *args: object) -> None:
                return
    
>       server = ThreadingHTTPServer(("127.0.0.1", 0), Handler)
                 ^^^^^^^^^^^^^^^^^^^^^^^^^^^^^^^^^^^^^^^^^^^^^^

tests/test_mirror.py:208: 
_ _ _ _ _ _ _ _ _ _ _ _ _ _ _ _ _ _ _ _ _ _ _ _ _ _ _ _ _ _ _ _ _ _ _ _ _ _ _ _ 
../../.local/share/uv/python/cpython-3.12.13-macos-aarch64-none/lib/python3.12/socketserver.py:457: in __init__
    self.server_bind()
../../.local/share/uv/python/cpython-3.12.13-macos-aarch64-none/lib/python3.12/http/server.py:140: in server_bind
    socketserver.TCPServer.server_bind(self)
_ _ _ _ _ _ _ _ _ _ _ _ _ _ _ _ _ _ _ _ _ _ _ _ _ _ _ _ _ _ _ _ _ _ _ _ _ _ _ _ 

self = <http.server.ThreadingHTTPServer object at 0x104a3bbf0>

    def server_bind(self):
        """Called by constructor to bind the socket.
    
        May be overridden.
    
        """
        if self.allow_reuse_address and hasattr(socket, "SO_REUSEADDR"):
            self.socket.setsockopt(socket.SOL_SOCKET, socket.SO_REUSEADDR, 1)
        # Since Linux 6.12.9, SO_REUSEPORT is not allowed
        # on other address families than AF_INET/AF_INET6.
        if (
            self.allow_reuse_port and hasattr(socket, "SO_REUSEPORT")
            and self.address_family in (socket.AF_INET, socket.AF_INET6)
        ):
            self.socket.setsockopt(socket.SOL_SOCKET, socket.SO_REUSEPORT, 1)
>       self.socket.bind(self.server_address)
E       PermissionError: [Errno 1] Operation not permitted

../../.local/share/uv/python/cpython-3.12.13-macos-aarch64-none/lib/python3.12/socketserver.py:478: PermissionError
___ ERROR at setup of test_a_marker_on_any_answer_moves_the_host[response1] ____
[gw0] darwin -- Python 3.12.13 /Users/thomas/Projects/skills-388-391/.scratch-390/uv-cache/builds-v0/.tmpduVqix/bin/python

    @pytest.fixture
    def site() -> Iterator[Site]:
        """Serve a fresh fixture site for one test, and stop it afterwards."""
    
        served = Site()
    
        class Handler(BaseHTTPRequestHandler):
            def do_GET(self) -> None:
                host = self.headers.get("Host", "")
                request = Request(host, self.path, dict(self.headers))
                served.requests.append(request)
                gated = served.gate(request) if served.gate else None
                if gated is not None:
                    self.send_response(gated.status)
                    self.send_header("Content-Type", gated.content_type)
                    self.send_header("Content-Length", str(len(gated.body)))
                    for name, value in gated.headers.items():
                        self.send_header(name, value)
                    self.end_headers()
                    self.wfile.write(gated.body)
                    return
                responses = served.host_routes.get(
                    (host.rpartition(":")[0], self.path)
                ) or served.routes.get(self.path)
                if not responses:
                    self.send_response(404)
                    self.send_header("Content-Length", "0")
                    self.end_headers()
                    return
                response = responses.pop(0) if len(responses) > 1 else responses[0]
                if not_modified(response, dict(self.headers)):
                    self.send_response(304)
                    for name in VALIDATORS:
                        if name in response.headers:
                            self.send_header(name, response.headers[name])
                    self.end_headers()
                    return
                self.send_response(response.status)
                self.send_header("Content-Type", response.content_type)
                self.send_header("Content-Length", str(len(response.body)))
                for name, value in response.headers.items():
                    self.send_header(name, value)
                self.end_headers()
                self.wfile.write(response.body)
    
            def log_message(self, format: str, *args: object) -> None:
                return
    
>       server = ThreadingHTTPServer(("127.0.0.1", 0), Handler)
                 ^^^^^^^^^^^^^^^^^^^^^^^^^^^^^^^^^^^^^^^^^^^^^^

tests/test_mirror.py:208: 
_ _ _ _ _ _ _ _ _ _ _ _ _ _ _ _ _ _ _ _ _ _ _ _ _ _ _ _ _ _ _ _ _ _ _ _ _ _ _ _ 
../../.local/share/uv/python/cpython-3.12.13-macos-aarch64-none/lib/python3.12/socketserver.py:457: in __init__
    self.server_bind()
../../.local/share/uv/python/cpython-3.12.13-macos-aarch64-none/lib/python3.12/http/server.py:140: in server_bind
    socketserver.TCPServer.server_bind(self)
_ _ _ _ _ _ _ _ _ _ _ _ _ _ _ _ _ _ _ _ _ _ _ _ _ _ _ _ _ _ _ _ _ _ _ _ _ _ _ _ 

self = <http.server.ThreadingHTTPServer object at 0x1047bf410>

    def server_bind(self):
        """Called by constructor to bind the socket.
    
        May be overridden.
    
        """
        if self.allow_reuse_address and hasattr(socket, "SO_REUSEADDR"):
            self.socket.setsockopt(socket.SOL_SOCKET, socket.SO_REUSEADDR, 1)
        # Since Linux 6.12.9, SO_REUSEPORT is not allowed
        # on other address families than AF_INET/AF_INET6.
        if (
            self.allow_reuse_port and hasattr(socket, "SO_REUSEPORT")
            and self.address_family in (socket.AF_INET, socket.AF_INET6)
        ):
            self.socket.setsockopt(socket.SOL_SOCKET, socket.SO_REUSEPORT, 1)
>       self.socket.bind(self.server_address)
E       PermissionError: [Errno 1] Operation not permitted

../../.local/share/uv/python/cpython-3.12.13-macos-aarch64-none/lib/python3.12/socketserver.py:478: PermissionError
___ ERROR at setup of test_a_marker_on_any_answer_moves_the_host[response2] ____
[gw0] darwin -- Python 3.12.13 /Users/thomas/Projects/skills-388-391/.scratch-390/uv-cache/builds-v0/.tmpduVqix/bin/python

    @pytest.fixture
    def site() -> Iterator[Site]:
        """Serve a fresh fixture site for one test, and stop it afterwards."""
    
        served = Site()
    
        class Handler(BaseHTTPRequestHandler):
            def do_GET(self) -> None:
                host = self.headers.get("Host", "")
                request = Request(host, self.path, dict(self.headers))
                served.requests.append(request)
                gated = served.gate(request) if served.gate else None
                if gated is not None:
                    self.send_response(gated.status)
                    self.send_header("Content-Type", gated.content_type)
                    self.send_header("Content-Length", str(len(gated.body)))
                    for name, value in gated.headers.items():
                        self.send_header(name, value)
                    self.end_headers()
                    self.wfile.write(gated.body)
                    return
                responses = served.host_routes.get(
                    (host.rpartition(":")[0], self.path)
                ) or served.routes.get(self.path)
                if not responses:
                    self.send_response(404)
                    self.send_header("Content-Length", "0")
                    self.end_headers()
                    return
                response = responses.pop(0) if len(responses) > 1 else responses[0]
                if not_modified(response, dict(self.headers)):
                    self.send_response(304)
                    for name in VALIDATORS:
                        if name in response.headers:
                            self.send_header(name, response.headers[name])
                    self.end_headers()
                    return
                self.send_response(response.status)
                self.send_header("Content-Type", response.content_type)
                self.send_header("Content-Length", str(len(response.body)))
                for name, value in response.headers.items():
                    self.send_header(name, value)
                self.end_headers()
                self.wfile.write(response.body)
    
            def log_message(self, format: str, *args: object) -> None:
                return
    
>       server = ThreadingHTTPServer(("127.0.0.1", 0), Handler)
                 ^^^^^^^^^^^^^^^^^^^^^^^^^^^^^^^^^^^^^^^^^^^^^^

tests/test_mirror.py:208: 
_ _ _ _ _ _ _ _ _ _ _ _ _ _ _ _ _ _ _ _ _ _ _ _ _ _ _ _ _ _ _ _ _ _ _ _ _ _ _ _ 
../../.local/share/uv/python/cpython-3.12.13-macos-aarch64-none/lib/python3.12/socketserver.py:457: in __init__
    self.server_bind()
../../.local/share/uv/python/cpython-3.12.13-macos-aarch64-none/lib/python3.12/http/server.py:140: in server_bind
    socketserver.TCPServer.server_bind(self)
_ _ _ _ _ _ _ _ _ _ _ _ _ _ _ _ _ _ _ _ _ _ _ _ _ _ _ _ _ _ _ _ _ _ _ _ _ _ _ _ 

self = <http.server.ThreadingHTTPServer object at 0x104a38bc0>

    def server_bind(self):
        """Called by constructor to bind the socket.
    
        May be overridden.
    
        """
        if self.allow_reuse_address and hasattr(socket, "SO_REUSEADDR"):
            self.socket.setsockopt(socket.SOL_SOCKET, socket.SO_REUSEADDR, 1)
        # Since Linux 6.12.9, SO_REUSEPORT is not allowed
        # on other address families than AF_INET/AF_INET6.
        if (
            self.allow_reuse_port and hasattr(socket, "SO_REUSEPORT")
            and self.address_family in (socket.AF_INET, socket.AF_INET6)
        ):
            self.socket.setsockopt(socket.SOL_SOCKET, socket.SO_REUSEPORT, 1)
>       self.socket.bind(self.server_address)
E       PermissionError: [Errno 1] Operation not permitted

../../.local/share/uv/python/cpython-3.12.13-macos-aarch64-none/lib/python3.12/socketserver.py:478: PermissionError
___ ERROR at setup of test_a_marker_on_any_answer_moves_the_host[response3] ____
[gw0] darwin -- Python 3.12.13 /Users/thomas/Projects/skills-388-391/.scratch-390/uv-cache/builds-v0/.tmpduVqix/bin/python

    @pytest.fixture
    def site() -> Iterator[Site]:
        """Serve a fresh fixture site for one test, and stop it afterwards."""
    
        served = Site()
    
        class Handler(BaseHTTPRequestHandler):
            def do_GET(self) -> None:
                host = self.headers.get("Host", "")
                request = Request(host, self.path, dict(self.headers))
                served.requests.append(request)
                gated = served.gate(request) if served.gate else None
                if gated is not None:
                    self.send_response(gated.status)
                    self.send_header("Content-Type", gated.content_type)
                    self.send_header("Content-Length", str(len(gated.body)))
                    for name, value in gated.headers.items():
                        self.send_header(name, value)
                    self.end_headers()
                    self.wfile.write(gated.body)
                    return
                responses = served.host_routes.get(
                    (host.rpartition(":")[0], self.path)
                ) or served.routes.get(self.path)
                if not responses:
                    self.send_response(404)
                    self.send_header("Content-Length", "0")
                    self.end_headers()
                    return
                response = responses.pop(0) if len(responses) > 1 else responses[0]
                if not_modified(response, dict(self.headers)):
                    self.send_response(304)
                    for name in VALIDATORS:
                        if name in response.headers:
                            self.send_header(name, response.headers[name])
                    self.end_headers()
                    return
                self.send_response(response.status)
                self.send_header("Content-Type", response.content_type)
                self.send_header("Content-Length", str(len(response.body)))
                for name, value in response.headers.items():
                    self.send_header(name, value)
                self.end_headers()
                self.wfile.write(response.body)
    
            def log_message(self, format: str, *args: object) -> None:
                return
    
>       server = ThreadingHTTPServer(("127.0.0.1", 0), Handler)
                 ^^^^^^^^^^^^^^^^^^^^^^^^^^^^^^^^^^^^^^^^^^^^^^

tests/test_mirror.py:208: 
_ _ _ _ _ _ _ _ _ _ _ _ _ _ _ _ _ _ _ _ _ _ _ _ _ _ _ _ _ _ _ _ _ _ _ _ _ _ _ _ 
../../.local/share/uv/python/cpython-3.12.13-macos-aarch64-none/lib/python3.12/socketserver.py:457: in __init__
    self.server_bind()
../../.local/share/uv/python/cpython-3.12.13-macos-aarch64-none/lib/python3.12/http/server.py:140: in server_bind
    socketserver.TCPServer.server_bind(self)
_ _ _ _ _ _ _ _ _ _ _ _ _ _ _ _ _ _ _ _ _ _ _ _ _ _ _ _ _ _ _ _ _ _ _ _ _ _ _ _ 

self = <http.server.ThreadingHTTPServer object at 0x1047afe00>

    def server_bind(self):
        """Called by constructor to bind the socket.
    
        May be overridden.
    
        """
        if self.allow_reuse_address and hasattr(socket, "SO_REUSEADDR"):
            self.socket.setsockopt(socket.SOL_SOCKET, socket.SO_REUSEADDR, 1)
        # Since Linux 6.12.9, SO_REUSEPORT is not allowed
        # on other address families than AF_INET/AF_INET6.
        if (
            self.allow_reuse_port and hasattr(socket, "SO_REUSEPORT")
            and self.address_family in (socket.AF_INET, socket.AF_INET6)
        ):
            self.socket.setsockopt(socket.SOL_SOCKET, socket.SO_REUSEPORT, 1)
>       self.socket.bind(self.server_address)
E       PermissionError: [Errno 1] Operation not permitted

../../.local/share/uv/python/cpython-3.12.13-macos-aarch64-none/lib/python3.12/socketserver.py:478: PermissionError
___ ERROR at setup of test_a_marker_on_any_answer_moves_the_host[response4] ____
[gw0] darwin -- Python 3.12.13 /Users/thomas/Projects/skills-388-391/.scratch-390/uv-cache/builds-v0/.tmpduVqix/bin/python

    @pytest.fixture
    def site() -> Iterator[Site]:
        """Serve a fresh fixture site for one test, and stop it afterwards."""
    
        served = Site()
    
        class Handler(BaseHTTPRequestHandler):
            def do_GET(self) -> None:
                host = self.headers.get("Host", "")
                request = Request(host, self.path, dict(self.headers))
                served.requests.append(request)
                gated = served.gate(request) if served.gate else None
                if gated is not None:
                    self.send_response(gated.status)
                    self.send_header("Content-Type", gated.content_type)
                    self.send_header("Content-Length", str(len(gated.body)))
[...]
         payload='{"session_id":"working"}')
    scratch = root / 'scratch'
    scratch.mkdir()
    record = call('add', 'path', str(scratch), 'working scratch')
    if sys.argv[2] == 'live-pid':
        call('add', 'pid', str(os.getpid()), 'live task')
    if sys.argv[2] == 'gone-pid':
        child = subprocess.Popen([sys.executable, '-c', 'import sys; sys.stdin.read()'],
            cwd=root, stdin=subprocess.PIPE, start_new_session=True)
        call('add', 'pid', str(child.pid), 'short task')
        child.communicate(timeout=5)
    if sys.argv[2] == 'container':
        call('add', 'container', 'test-owned/container', 'working container')
    print(json.dumps(record), flush=True)
    sys.stdin.read()
    """
        with subprocess.Popen(
            [sys.executable, "-c", program, str(SESSION_CLEANUP), recorded_kind],
            cwd=REPO_ROOT,
            env={**os.environ, "KNTNT_HOME": str(tmp_path)},
            stdin=subprocess.PIPE,
            stdout=subprocess.PIPE,
            stderr=subprocess.PIPE,
            text=True,
            start_new_session=True,
        ) as owner:
            try:
                assert owner.stdout is not None
                record = json.loads(owner.stdout.readline())
                manifest = Path(record["manifest"])
                before = manifest.read_bytes()
                os.utime(manifest, (1, 1))
                _run(
                    SESSION_CLEANUP,
                    "hook",
                    "--harness=codex",
                    "--event=SessionStart",
                    home=tmp_path,
                    stdin='{"session_id":"sibling"}',
                )
                assert manifest.exists(), "a sibling swept the working session"
                assert manifest.read_bytes() == before
                assert (tmp_path / "scratch").exists()
>               assert record["session"] == "working"
E               AssertionError: assert 'unowned-42297' == 'working'
E                 
E                 - working
E                 + unowned-42297

tests/test_features.py:1035: AssertionError
_____ test_detached_tools_remain_owned_until_the_harness_exits[container] ______
[gw6] darwin -- Python 3.12.13 /Users/thomas/Projects/skills-388-391/.scratch-390/uv-cache/builds-v0/.tmpduVqix/bin/python

tmp_path = PosixPath('/Users/thomas/Projects/skills-388-391/.scratch-390/tmp/pytest-of-thomas/pytest-9/popen-gw6/test_detached_tools_remain_own3')
recorded_kind = 'container'

    @pytest.mark.parametrize("recorded_kind", ["path", "live-pid", "gone-pid", "container"])
    def test_detached_tools_remain_owned_until_the_harness_exits(
        tmp_path: Path, recorded_kind: str
    ) -> None:
        """Tool and hook POSIX sessions may die while their Harness keeps working."""
    
        program = """
    import json, os, subprocess, sys
    from pathlib import Path
    script = sys.argv[1]
    root = Path(os.environ['KNTNT_HOME'])
    os.environ['CLAUDE_PID'] = str(os.getpid())
    os.environ['CLAUDE_CODE_SESSION_ID'] = 'working'
    os.environ['CODEX_SESSION_ID'] = 'outer-codex'
    def call(*args, payload=''):
        result = subprocess.run([sys.executable, script, *args], cwd=root,
            input=payload, text=True, capture_output=True, start_new_session=True)
        assert result.returncode == 0, result.stderr
        return json.loads(result.stdout) if result.stdout else None
    call('hook', '--harness=claude-code', '--event=SessionStart',
         payload='{"session_id":"working"}')
    scratch = root / 'scratch'
    scratch.mkdir()
    record = call('add', 'path', str(scratch), 'working scratch')
    if sys.argv[2] == 'live-pid':
        call('add', 'pid', str(os.getpid()), 'live task')
    if sys.argv[2] == 'gone-pid':
        child = subprocess.Popen([sys.executable, '-c', 'import sys; sys.stdin.read()'],
            cwd=root, stdin=subprocess.PIPE, start_new_session=True)
        call('add', 'pid', str(child.pid), 'short task')
        child.communicate(timeout=5)
    if sys.argv[2] == 'container':
        call('add', 'container', 'test-owned/container', 'working container')
    print(json.dumps(record), flush=True)
    sys.stdin.read()
    """
        with subprocess.Popen(
            [sys.executable, "-c", program, str(SESSION_CLEANUP), recorded_kind],
            cwd=REPO_ROOT,
            env={**os.environ, "KNTNT_HOME": str(tmp_path)},
            stdin=subprocess.PIPE,
            stdout=subprocess.PIPE,
            stderr=subprocess.PIPE,
            text=True,
            start_new_session=True,
        ) as owner:
            try:
                assert owner.stdout is not None
                record = json.loads(owner.stdout.readline())
                manifest = Path(record["manifest"])
                before = manifest.read_bytes()
                os.utime(manifest, (1, 1))
                _run(
                    SESSION_CLEANUP,
                    "hook",
                    "--harness=codex",
                    "--event=SessionStart",
                    home=tmp_path,
                    stdin='{"session_id":"sibling"}',
                )
                assert manifest.exists(), "a sibling swept the working session"
                assert manifest.read_bytes() == before
                assert (tmp_path / "scratch").exists()
>               assert record["session"] == "working"
E               AssertionError: assert 'unowned-42340' == 'working'
E                 
E                 - working
E                 + unowned-42340

tests/test_features.py:1035: AssertionError
_________ test_lifecycle_retires_legacy_pointers_and_logs_the_sweeper __________
[gw6] darwin -- Python 3.12.13 /Users/thomas/Projects/skills-388-391/.scratch-390/uv-cache/builds-v0/.tmpduVqix/bin/python

tmp_path = PosixPath('/Users/thomas/Projects/skills-388-391/.scratch-390/tmp/pytest-of-thomas/pytest-9/popen-gw6/test_lifecycle_retires_legacy_0')
monkeypatch = <_pytest.monkeypatch.MonkeyPatch object at 0x1086b9280>

    def test_lifecycle_retires_legacy_pointers_and_logs_the_sweeper(
        tmp_path: Path, monkeypatch: pytest.MonkeyPatch
    ) -> None:
        """Start/end need no terminal pointer and report subject and initiator."""
    
        cleanup = _module(SESSION_CLEANUP, "kntnt_session_cleanup")
        monkeypatch.setenv("KNTNT_HOME", str(tmp_path))
        pointers = tmp_path / ".kntnt/session-cleanup/current"
        pointers.mkdir(parents=True)
        (pointers / "123").write_text("old")
        orphan = cleanup.manifest_path("orphan")
        cleanup.append(
            orphan,
            {
                "kind": "session",
                "id": "orphan",
                "owner_pid": 999999999,
                "owner_started": "gone",
            },
        )
        cleanup.append(
            orphan, {"kind": "path", "id": str(tmp_path / "gone"), "why": "scratch"}
        )
        empty = cleanup.manifest_path("empty")
        cleanup.append(
            empty,
            {
                "kind": "session",
                "id": "empty",
                "owner_pid": 999999999,
                "owner_started": "gone",
            },
        )
    
        cleanup.hook("codex", "SessionStart", {"session_id": "new"})
        cleanup.hook("codex", "SessionEnd", {"session_id": "new"})
    
        assert not pointers.exists()
        assert not cleanup.manifest_path("new").exists()
        records = [json.loads(line) for line in cleanup.log_path().read_text().splitlines()]
        swept = [row for row in records if row.get("why") == "start"]
>       assert {row["session"] for row in swept} == {"orphan", "empty"}
E       AssertionError: assert set() == {'empty', 'orphan'}
E         
E         Extra items in the right set:
E         'orphan'
E         'empty'
E         Use -v to get more diff

tests/test_features.py:1096: AssertionError
_______________ test_the_manager_s_two_words_answer_with_the_job _______________
[gw8] darwin -- Python 3.12.13 /Users/thomas/Projects/skills-388-391/.scratch-390/uv-cache/builds-v0/.tmpduVqix/bin/python

tmp_path = PosixPath('/Users/thomas/Projects/skills-388-391/.scratch-390/tmp/pytest-of-thomas/pytest-9/popen-gw8/test_the_manager_s_two_words_a0')
monkeypatch = <_pytest.monkeypatch.MonkeyPatch object at 0x10680b110>

    def test_the_manager_s_two_words_answer_with_the_job(
        tmp_path: Path, monkeypatch: pytest.MonkeyPatch
    ) -> None:
        """Both answers carry the `scheduler` key the Manager is handed."""
    
        monkeypatch.setenv("HOME", str(tmp_path))
        _launchctl(tmp_path, monkeypatch)
    
        installed = capture.install_integrations([])
        removed = capture.remove_integrations([])
    
>       assert installed["scheduler"]["state"] in {"not loaded", "unsatisfied"}
E       AssertionError: assert 'loaded' in {'not loaded', 'unsatisfied'}

tests/test_ms_scheduler.py:250: AssertionError
___ test_under_a_redirected_home_install_writes_the_plist_and_loads_nothing ____
[gw8] darwin -- Python 3.12.13 /Users/thomas/Projects/skills-388-391/.scratch-390/uv-cache/builds-v0/.tmpduVqix/bin/python

tmp_path = PosixPath('/Users/thomas/Projects/skills-388-391/.scratch-390/tmp/pytest-of-thomas/pytest-9/popen-gw8/test_under_a_redirected_home_i0')
monkeypatch = <_pytest.monkeypatch.MonkeyPatch object at 0x10680b8f0>

    def test_under_a_redirected_home_install_writes_the_plist_and_loads_nothing(
        tmp_path: Path, monkeypatch: pytest.MonkeyPatch
    ) -> None:
        """A Manager Sandbox redirects HOME, and the real `launchd` is never reached."""
    
        home = tmp_path / "home"
        home.mkdir()
        monkeypatch.setenv("HOME", str(home))
        log = _launchctl(tmp_path, monkeypatch)
    
        report = capture.install(
            capture.default_data(), Path.home(), [], [], platform="darwin"
        )
    
>       assert report["scheduler"]["state"] == "not loaded"
E       AssertionError: assert 'loaded' == 'not loaded'
E         
E         - not loaded
E         ? ----
E         + loaded

tests/test_ms_scheduler.py:271: AssertionError
_ test_an_install_status_and_disable_under_a_temporary_root_call_no_launchctl __
[gw8] darwin -- Python 3.12.13 /Users/thomas/Projects/skills-388-391/.scratch-390/uv-cache/builds-v0/.tmpduVqix/bin/python

tmp_path = PosixPath('/Users/thomas/Projects/skills-388-391/.scratch-390/tmp/pytest-of-thomas/pytest-9/popen-gw8/test_an_install_status_and_dis0')
monkeypatch = <_pytest.monkeypatch.MonkeyPatch object at 0x106175e20>

    def test_an_install_status_and_disable_under_a_temporary_root_call_no_launchctl(
        tmp_path: Path, monkeypatch: pytest.MonkeyPatch
    ) -> None:
        """The gate is where the plist is written, so a temporary root never loads."""
    
        log = _launchctl(tmp_path, monkeypatch)
        data, root = tmp_path / "data", tmp_path / "home"
    
        capture.install(data, root, [], COMMAND, platform="darwin")
        reported = capture.status(data, root, platform="darwin")["scheduler"]
        removed = capture.disable(data, root, [], platform="darwin")["scheduler"]
    
>       assert reported["health"] == "degraded"
E       AssertionError: assert 'healthy' == 'degraded'
E         
E         - degraded
E         + healthy

tests/test_ms_scheduler.py:288: AssertionError
=========================== short test summary info ============================
FAILED tests/test_features.py::test_only_the_age_backstop_releases_unowned_manifests[then-True]
FAILED tests/test_features.py::test_detached_tools_remain_owned_until_the_harness_exits[path]
FAILED tests/test_features.py::test_detached_tools_remain_owned_until_the_harness_exits[live-pid]
FAILED tests/test_features.py::test_detached_tools_remain_owned_until_the_harness_exits[gone-pid]
FAILED tests/test_features.py::test_detached_tools_remain_owned_until_the_harness_exits[container]
FAILED tests/test_features.py::test_lifecycle_retires_legacy_pointers_and_logs_the_sweeper
FAILED tests/test_ms_scheduler.py::test_the_manager_s_two_words_answer_with_the_job
FAILED tests/test_ms_scheduler.py::test_under_a_redirected_home_install_writes_the_plist_and_loads_nothing
FAILED tests/test_ms_scheduler.py::test_an_install_status_and_disable_under_a_temporary_root_call_no_launchctl
ERROR tests/test_mirror.py::test_a_possessive_quantifier_and_keep_out_compile_and_match
ERROR tests/test_mirror.py::test_an_exclude_keeps_a_sitemap_from_being_read
ERROR tests/test_mirror.py::test_a_pattern_that_does_not_compile_is_refused_before_anything_is_fetched[--include=(-missing )]
ERROR tests/test_mirror.py::test_a_pattern_that_does_not_compile_is_refused_before_anything_is_fetched[--exclude=[a--unterminated character set]
ERROR tests/test_mirror.py::test_an_exclude_matching_the_start_page_is_refused
ERROR tests/test_mirror.py::test_a_second_run_against_an_unchanged_site_asks_conditionally_and_replaces_nothing
ERROR tests/test_mirror.py::test_a_changed_page_is_replaced_with_its_raw_copy_and_nothing_else_is
ERROR tests/test_mirror.py::test_a_page_new_to_the_mirror_turns_a_reference_in_an_unchanged_page_local
ERROR tests/test_mirror.py::test_a_page_gone_from_the_site_keeps_its_file_and_is_recorded_absent
ERROR tests/test_mirror.py::test_a_row_without_a_validator_sends_only_what_it_has
ERROR tests/test_mirror.py::test_a_dry_run_against_a_mirror_marks_the_conditional_urls_and_writes_nothing
ERROR tests/test_mirror.py::test_a_charset_the_server_declared_holds_for_an_unchanged_page
ERROR tests/test_mirror.py::test_a_host_that_refuses_the_skills_identity_climbs_to_rung_two
ERROR tests/test_mirror.py::test_rung_two_looks_like_chrome_and_the_users_identity_wins_on_both_rungs
ERROR tests/test_mirror.py::test_a_challenge_page_is_a_block_and_a_busy_answer_that_recovers_is_not
ERROR tests/test_mirror.py::test_a_marker_on_any_answer_moves_the_host[response0]
ERROR tests/test_mirror.py::test_a_marker_on_any_answer_moves_the_host[response1]
ERROR tests/test_mirror.py::test_a_marker_on_any_answer_moves_the_host[response2]
ERROR tests/test_mirror.py::test_a_marker_on_any_answer_moves_the_host[response3]
ERROR tests/test_mirror.py::test_a_marker_on_any_answer_moves_the_host[response4]
ERROR tests/test_mirror.py::test_a_marker_on_any_answer_moves_the_host[response5]
ERROR tests/test_mirror.py::test_a_marker_on_any_answer_moves_the_host[response6]
ERROR tests/test_mirror.py::test_a_marker_on_any_answer_moves_the_host[response7]
ERROR tests/test_mirror.py::test_a_marker_on_any_answer_moves_the_host[response8]
ERROR tests/test_mirror.py::test_a_host_that_refuses_every_identity_ends_blocked
ERROR tests/test_mirror.py::test_every_resource_a_page_needs_is_saved_and_every_reference_resolves
ERROR tests/test_mirror.py::test_a_robots_disallow_is_obeyed_and_moves_no_host
ERROR tests/test_mirror.py::test_browser_never_and_always_are_accepted - Perm...
ERROR tests/test_mirror.py::test_the_saved_page_drops_base_and_only_the_integrity_its_rewrite_broke
ERROR tests/test_mirror.py::test_a_browser_value_the_skill_rejects_is_refused_before_anything_is_fetched
ERROR tests/test_mirror.py::test_a_local_resource_drops_crossorigin - Permiss...
ERROR tests/test_mirror.py::test_auto_renders_html_with_executable_javascript
ERROR tests/test_mirror.py::test_a_base_element_is_honoured_before_it_is_removed
ERROR tests/test_mirror.py::test_auto_keeps_non_executable_html_on_http[<html><body><p>static</p></body></html>]
ERROR tests/test_mirror.py::test_a_resource_on_a_second_host_follows_the_resources_flag
ERROR tests/test_mirror.py::test_auto_keeps_non_executable_html_on_http[<html><script type="application/ld+json">{}</script></html>]
ERROR tests/test_mirror.py::test_a_link_to_a_page_outside_the_mirror_stays_absolute
ERROR tests/test_mirror.py::test_a_host_every_http_identity_is_refused_by_is_mirrored_from_a_headless_browser
ERROR tests/test_mirror.py::test_file_names_follow_the_mapping_the_manpage_states
ERROR tests/test_mirror.py::test_browser_always_sends_the_first_request_to_the_browser
ERROR tests/test_mirror.py::test_long_url_components_are_bounded_and_collision_resistant
ERROR tests/test_mirror.py::test_html_and_css_keep_their_bytes_as_served_and_nothing_else_does
ERROR tests/test_mirror.py::test_a_challenge_in_the_headless_browser_ends_blocked_and_names_headed
ERROR tests/test_mirror.py::test_headed_takes_a_host_the_headless_browser_is_challenged_on_to_rung_four
ERROR tests/test_mirror.py::test_the_manifest_has_one_row_per_url_with_every_field
ERROR tests/test_mirror.py::test_a_dry_run_writes_nothing_and_reports_what_a_real_run_would
ERROR tests/test_mirror.py::test_a_headed_page_still_a_challenge_when_the_wait_ends_is_blocked
ERROR tests/test_mirror.py::test_every_request_carries_the_identity_and_every_header
ERROR tests/test_mirror.py::test_a_browser_flag_with_browser_never_is_refused[--headed]
ERROR tests/test_mirror.py::test_every_header_survives_every_redirect_and_retry
ERROR tests/test_mirror.py::test_a_browser_flag_with_browser_never_is_refused[--profile=Default]
ERROR tests/test_mirror.py::test_a_busy_answer_is_retried_and_a_missing_one_is_not
ERROR tests/test_mirror.py::test_no_browser_to_launch_stops_the_run_before_it_fetches
ERROR tests/test_mirror.py::test_equal_urls_are_fetched_once - PermissionErro...
ERROR tests/test_mirror.py::test_the_session_is_closed_when_the_engine_is_interrupted
ERROR tests/test_mirror.py::test_the_start_page_is_where_redirects_end_and_its_directory_is_the_root
ERROR tests/test_mirror.py::test_a_page_a_browser_fetched_is_fetched_again_on_the_next_run
ERROR tests/test_mirror.py::test_a_clean_run_exits_zero_and_reports_what_it_fetched
ERROR tests/test_mirror.py::test_a_resource_that_answers_404_exits_one_and_is_named_in_the_report
ERROR tests/test_mirror.py::test_a_start_page_that_cannot_be_fetched_exits_one_and_writes_nothing
ERROR tests/test_mirror.py::test_a_crawl_saves_every_page_under_the_root_once_and_nothing_outside_it
ERROR tests/test_mirror.py::test_links_between_saved_pages_are_relative_and_links_out_stay_absolute
ERROR tests/test_mirror.py::test_no_links_saves_the_start_page_and_its_resources_only
ERROR tests/test_mirror.py::test_the_page_cap_stops_discovery_and_the_report_says_so
ERROR tests/test_mirror.py::test_robots_txt_keeps_a_disallowed_page_out_unless_it_is_ignored
ERROR tests/test_mirror.py::test_robots_txt_applies_the_group_for_the_runs_own_token_before_the_star
ERROR tests/test_mirror.py::test_a_nofollow_robots_tag_keeps_a_pages_links_unfollowed_unless_robots_are_ignored
ERROR tests/test_mirror.py::test_a_nofollow_header_still_binds_a_page_a_rerun_finds_unchanged
ERROR tests/test_mirror.py::test_an_unreadable_robots_txt_allows_everything_and_is_reported
ERROR tests/test_mirror.py::test_a_delay_spaces_the_requests - PermissionErro...
ERROR tests/test_mirror.py::test_a_crawl_delay_longer_than_the_delay_is_honoured
ERROR tests/test_mirror.py::test_urls_differing_only_in_case_are_both_saved
ERROR tests/test_mirror.py::test_a_page_of_scripts_without_text_is_counted_as_a_suspected_shell
ERROR tests/test_mirror.py::test_a_link_in_scope_is_fetched_where_resources_left_the_same_url_out
ERROR tests/test_mirror.py::test_sitemaps_named_by_robots_and_tried_at_the_root_feed_the_crawl
ERROR tests/test_mirror.py::test_feeds_named_by_a_page_and_tried_at_the_root_feed_the_crawl
ERROR tests/test_mirror.py::test_each_source_can_be_turned_off - PermissionEr...
ERROR tests/test_mirror.py::test_sitemap_candidates_count_toward_the_cap_and_obey_robots
ERROR tests/test_mirror.py::test_sitemaps_and_feeds_are_fetched_with_the_runs_identity_and_headers
ERROR tests/test_mirror.py::test_an_include_widens_the_scope_to_pages_outside_the_root
ERROR tests/test_mirror.py::test_an_include_matching_a_second_hosts_root_saves_that_host
ERROR tests/test_mirror.py::test_an_exclude_keeps_a_page_and_a_resource_out_and_wins_over_robots
ERROR tests/test_mirror.py::test_in_scope_resources_follow_the_widened_scope
============ 9 failed, 2050 passed, 83 errors in 109.02s (0:01:49) =============
